i:\ai\master\gameai\pathfinding\pathfinding\commonpathfindinglib\debug\commonpathfindinglib.pdb
i:\ai\master\gameai\pathfinding\pathfinding\commonpathfindinglib\debug\commonpathfindinglib.idb
i:\ai\master\gameai\pathfinding\pathfinding\commonpathfindinglib\debug\game.obj
i:\ai\master\gameai\pathfinding\pathfinding\commonpathfindinglib\debug\graphicsbuffer.obj
i:\ai\master\gameai\pathfinding\pathfinding\commonpathfindinglib\debug\graphicsbuffermanager.obj
i:\ai\master\gameai\pathfinding\pathfinding\commonpathfindinglib\debug\graphicssystem.obj
i:\ai\master\gameai\pathfinding\pathfinding\commonpathfindinglib\debug\grid.obj
i:\ai\master\gameai\pathfinding\pathfinding\commonpathfindinglib\debug\gridvisualizer.obj
i:\ai\master\gameai\pathfinding\pathfinding\commonpathfindinglib\debug\sprite.obj
i:\ai\master\gameai\pathfinding\pathfinding\commonpathfindinglib\debug\spritemanager.obj
i:\ai\master\gameai\pathfinding\pathfinding\commonpathfindinglib\debug\commonpathfindinglib.lib
e:\ai\ai_project4\game ai\pathfinding\pathfinding\commonpathfindinglib\debug\game.obj
e:\ai\ai_project4\game ai\pathfinding\pathfinding\commonpathfindinglib\debug\graphicsbuffer.obj
e:\ai\ai_project4\game ai\pathfinding\pathfinding\commonpathfindinglib\debug\graphicsbuffermanager.obj
e:\ai\ai_project4\game ai\pathfinding\pathfinding\commonpathfindinglib\debug\graphicssystem.obj
e:\ai\ai_project4\game ai\pathfinding\pathfinding\commonpathfindinglib\debug\grid.obj
e:\ai\ai_project4\game ai\pathfinding\pathfinding\commonpathfindinglib\debug\gridvisualizer.obj
e:\ai\ai_project4\game ai\pathfinding\pathfinding\commonpathfindinglib\debug\sprite.obj
e:\ai\ai_project4\game ai\pathfinding\pathfinding\commonpathfindinglib\debug\spritemanager.obj
e:\ai\ai_project4\game ai\pathfinding\pathfinding\commonpathfindinglib\debug\commonpathfindinglib.idb
e:\ai\ai_project4\game ai\pathfinding\pathfinding\commonpathfindinglib\debug\commonpathfindinglib.pdb
e:\ai\ai_project4\game ai\pathfinding\pathfinding\commonpathfindinglib\debug\commonpathfindinglib.lib
e:\ai\ai_project4\game ai\pathfinding\pathfinding\commonpathfindinglib\debug\commonpa.b881029e.tlog\cl.command.1.tlog
e:\ai\ai_project4\game ai\pathfinding\pathfinding\commonpathfindinglib\debug\commonpa.b881029e.tlog\cl.read.1.tlog
e:\ai\ai_project4\game ai\pathfinding\pathfinding\commonpathfindinglib\debug\commonpa.b881029e.tlog\cl.write.1.tlog
e:\ai\ai_project4\game ai\pathfinding\pathfinding\commonpathfindinglib\debug\commonpa.b881029e.tlog\lib-link.read.1.tlog
e:\ai\ai_project4\game ai\pathfinding\pathfinding\commonpathfindinglib\debug\commonpa.b881029e.tlog\lib-link.write.1.tlog
e:\ai\ai_project4\game ai\pathfinding\pathfinding\commonpathfindinglib\debug\commonpa.b881029e.tlog\lib.command.1.tlog
