i:\ai\master\gameai\pathfinding\pathfinding\game\debug\vc141.pdb
i:\ai\master\gameai\pathfinding\pathfinding\game\debug\vc141.idb
i:\ai\master\gameai\pathfinding\pathfinding\game\debug\connection.obj
i:\ai\master\gameai\pathfinding\pathfinding\game\debug\debugdisplay.obj
i:\ai\master\gameai\pathfinding\pathfinding\game\debug\depthfirstpathfinder.obj
i:\ai\master\gameai\pathfinding\pathfinding\game\debug\gameapp.obj
i:\ai\master\gameai\pathfinding\pathfinding\game\debug\gamemessage.obj
i:\ai\master\gameai\pathfinding\pathfinding\game\debug\gamemessagemanager.obj
i:\ai\master\gameai\pathfinding\pathfinding\game\debug\graph.obj
i:\ai\master\gameai\pathfinding\pathfinding\game\debug\gridgraph.obj
i:\ai\master\gameai\pathfinding\pathfinding\game\debug\gridpathfinder.obj
i:\ai\master\gameai\pathfinding\pathfinding\game\debug\main.obj
i:\ai\master\gameai\pathfinding\pathfinding\game\debug\node.obj
i:\ai\master\gameai\pathfinding\pathfinding\game\debug\path.obj
i:\ai\master\gameai\pathfinding\pathfinding\game\debug\pathfinder.obj
i:\ai\master\gameai\pathfinding\pathfinding\game\debug\pathfindingdebugcontent.obj
i:\ai\master\gameai\pathfinding\pathfinding\game\debug\pathtomessage.obj
i:\ai\master\gameai\pathfinding\pathfinding\debug\game.ilk
i:\ai\master\gameai\pathfinding\pathfinding\debug\game.exe
i:\ai\master\gameai\pathfinding\pathfinding\debug\game.pdb
e:\ai\ai_project4\game ai\pathfinding\pathfinding\game\debug\connection.obj
e:\ai\ai_project4\game ai\pathfinding\pathfinding\game\debug\debugdisplay.obj
e:\ai\ai_project4\game ai\pathfinding\pathfinding\game\debug\depthfirstpathfinder.obj
e:\ai\ai_project4\game ai\pathfinding\pathfinding\game\debug\gameapp.obj
e:\ai\ai_project4\game ai\pathfinding\pathfinding\game\debug\gamemessage.obj
e:\ai\ai_project4\game ai\pathfinding\pathfinding\game\debug\gamemessagemanager.obj
e:\ai\ai_project4\game ai\pathfinding\pathfinding\game\debug\graph.obj
e:\ai\ai_project4\game ai\pathfinding\pathfinding\game\debug\gridgraph.obj
e:\ai\ai_project4\game ai\pathfinding\pathfinding\game\debug\gridpathfinder.obj
e:\ai\ai_project4\game ai\pathfinding\pathfinding\game\debug\main.obj
e:\ai\ai_project4\game ai\pathfinding\pathfinding\game\debug\node.obj
e:\ai\ai_project4\game ai\pathfinding\pathfinding\game\debug\path.obj
e:\ai\ai_project4\game ai\pathfinding\pathfinding\game\debug\pathfinder.obj
e:\ai\ai_project4\game ai\pathfinding\pathfinding\game\debug\pathfindingdebugcontent.obj
e:\ai\ai_project4\game ai\pathfinding\pathfinding\game\debug\pathtomessage.obj
e:\ai\ai_project4\game ai\pathfinding\pathfinding\game\debug\vc141.idb
e:\ai\ai_project4\game ai\pathfinding\pathfinding\game\debug\vc141.pdb
e:\ai\ai_project4\game ai\pathfinding\pathfinding\debug\game.pdb
e:\ai\ai_project4\game ai\pathfinding\pathfinding\debug\game.exe
e:\ai\ai_project4\game ai\pathfinding\pathfinding\debug\game.ilk
e:\ai\ai_project4\game ai\pathfinding\pathfinding\game\debug\game.tlog\cl.command.1.tlog
e:\ai\ai_project4\game ai\pathfinding\pathfinding\game\debug\game.tlog\cl.read.1.tlog
e:\ai\ai_project4\game ai\pathfinding\pathfinding\game\debug\game.tlog\cl.write.1.tlog
e:\ai\ai_project4\game ai\pathfinding\pathfinding\game\debug\game.tlog\link.command.1.tlog
e:\ai\ai_project4\game ai\pathfinding\pathfinding\game\debug\game.tlog\link.read.1.tlog
e:\ai\ai_project4\game ai\pathfinding\pathfinding\game\debug\game.tlog\link.write.1.tlog
